<?xml version="1.0" encoding="UTF-8" standalone="yes"?>
<testsuites>
  <testsuite name="selenium run" tests="1" failure="0" timestamp="2021-11-05T20:38:53.623Z" skipped="0" failure-evaluating="0">
    <testcase name="Test_Create&amp;Download_Deposit summary report - 1 / 1 Data set" classname="testim.io.test" time="49.092" ownedBy="Ronald" ownerEmail="rcubillo@fortresstech.net">
      <system-out>https://app.testim.io/#/project/rMDuwZcHfy1l6jUu7cXo/branch/master/test/4So4099xDBdk8Kpz?result-id=TnQ6bafT9w0vWR5N</system-out>
    </testcase>
  </testsuite>
</testsuites>